<?xml version="1.0" encoding="UTF-8"?>
<!-- Generated by org.testng.reporters.JUnitReportReporter -->
<testsuite hostname="DESKTOP-H3F9FFO" failures="0" tests="1" name="com.komoot.qa.tests.StartPageTest" time="8.443" errors="0" timestamp="2021-01-30T04:14:18 CET" skipped="0">
  <testcase classname="com.komoot.qa.tests.StartPageTest" name="takeToSignUpPage" time="8.443"/>
  <system-out/>
</testsuite> <!-- com.komoot.qa.tests.StartPageTest -->
