<?xml version="1.0" encoding="UTF-8"?>
<!-- Generated by org.testng.reporters.JUnitReportReporter -->
<testsuite hostname="DESKTOP-H3F9FFO" failures="0" tests="2" name="com.komoot.qa.tests.ProfilePageTest" time="31.146" errors="0" timestamp="2021-01-31T06:28:01 CET" skipped="0">
  <testcase classname="com.komoot.qa.tests.ProfilePageTest" name="verifyNumberOfToursTest" time="14.814"/>
  <system-out/>
  <testcase classname="com.komoot.qa.tests.ProfilePageTest" name="userLogOutTest" time="16.332"/>
  <system-out/>
</testsuite> <!-- com.komoot.qa.tests.ProfilePageTest -->
