<?xml version="1.0" encoding="UTF-8"?>
<!-- Generated by org.testng.reporters.JUnitReportReporter -->
<testsuite hostname="DESKTOP-H3F9FFO" failures="0" tests="1" name="com.komoot.qa.tests.StartPageTest" time="11.217" errors="0" timestamp="2021-01-31T15:03:57 CET" skipped="0">
  <testcase classname="com.komoot.qa.tests.StartPageTest" name="takeToSignUpPage" time="11.217"/>
  <system-out/>
</testsuite> <!-- com.komoot.qa.tests.StartPageTest -->
