<?xml version="1.0" encoding="UTF-8"?>
<!-- Generated by org.testng.reporters.JUnitReportReporter -->
<testsuite hostname="DESKTOP-H3F9FFO" failures="0" tests="2" name="com.komoot.qa.tests.DiscoverTest" time="24.130" errors="0" timestamp="2021-01-31T03:06:27 CET" skipped="0">
  <testcase classname="com.komoot.qa.tests.DiscoverTest" name="verifyDiscoverTextTest" time="11.506"/>
  <system-out/>
  <testcase classname="com.komoot.qa.tests.DiscoverTest" name="searchTest" time="12.624"/>
  <system-out/>
</testsuite> <!-- com.komoot.qa.tests.DiscoverTest -->
