<?xml version="1.0" encoding="UTF-8"?>
<!-- Generated by org.testng.reporters.JUnitReportReporter -->
<testsuite hostname="DESKTOP-H3F9FFO" failures="0" tests="1" name="com.komoot.qa.tests.SignInTest" time="12.417" errors="0" timestamp="2021-01-31T01:39:05 CET" skipped="0">
  <testcase classname="com.komoot.qa.tests.SignInTest" name="userSignInTest" time="12.417"/>
  <system-out/>
</testsuite> <!-- com.komoot.qa.tests.SignInTest -->
