<?xml version="1.0" encoding="UTF-8"?>
<!-- Generated by org.testng.reporters.JUnitReportReporter -->
<testsuite hostname="DESKTOP-H3F9FFO" failures="0" tests="1" name="com.komoot.qa.tests.SignUpTest" time="12.585" errors="0" timestamp="2021-01-31T14:25:18 CET" skipped="0">
  <testcase classname="com.komoot.qa.tests.SignUpTest" name="userSignUpTest" time="12.585"/>
  <system-out/>
</testsuite> <!-- com.komoot.qa.tests.SignUpTest -->
